<?xml version="1.0" encoding="UTF-8"?>
<testng-results ignored="0" total="1" passed="1" failed="0" skipped="0">
  <reporter-output>
  </reporter-output>
  <suite started-at="2026-03-13T17:41:22 IST" name="Default suite" finished-at="2026-03-13T17:41:31 IST" duration-ms="9105">
    <groups>
    </groups>
    <test started-at="2026-03-13T17:41:22 IST" name="Default test" finished-at="2026-03-13T17:41:31 IST" duration-ms="9105">
      <class name="framework.tests.ErrorValidations">
        <test-method is-config="true" signature="launchApplication()[pri:0, instance:framework.tests.ErrorValidations@54d9d12d]" started-at="2026-03-13T17:41:22 IST" name="launchApplication" finished-at="2026-03-13T17:41:30 IST" duration-ms="7931" status="PASS">
          <reporter-output>
          </reporter-output>
        </test-method> <!-- launchApplication -->
        <test-method signature="submitorder()[pri:0, instance:framework.tests.ErrorValidations@54d9d12d]" started-at="2026-03-13T17:41:30 IST" name="submitorder" finished-at="2026-03-13T17:41:31 IST" duration-ms="686" status="PASS">
          <reporter-output>
          </reporter-output>
        </test-method> <!-- submitorder -->
        <test-method is-config="true" signature="tearDown()[pri:0, instance:framework.tests.ErrorValidations@54d9d12d]" started-at="2026-03-13T17:41:31 IST" name="tearDown" finished-at="2026-03-13T17:41:31 IST" duration-ms="361" status="PASS">
          <reporter-output>
          </reporter-output>
        </test-method> <!-- tearDown -->
      </class> <!-- framework.tests.ErrorValidations -->
    </test> <!-- Default test -->
  </suite> <!-- Default suite -->
</testng-results>
